PRE-ADJUSTMENTS
Inorder: 1 2 3 4 5 6 7 8 9 10 11 12 13 14 15 16 17 18 19 20 
Preorder: 1 2 3 4 5 6 7 8 9 10 11 12 13 14 15 16 17 18 19 20 
Postorder: 20 19 18 17 16 15 14 13 12 11 10 9 8 7 6 5 4 3 2 1 
Count: 20
Node: 1 has 1 children
Node: 2 has 1 children
Node: 3 has 1 children
Node: 4 has 1 children
Node: 5 has 1 children
Node: 6 has 1 children
Node: 7 has 1 children
Node: 8 has 1 children
Node: 9 has 1 children
Node: 10 has 1 children
Node: 11 has 1 children
Node: 12 has 1 children
Node: 13 has 1 children
Node: 14 has 1 children
Node: 15 has 1 children
Node: 16 has 1 children
Node: 17 has 1 children
Node: 18 has 1 children
Node: 19 has 1 children
Node: 20 has 0 children

POST-ADJUSTMENTS
Inorder: 0 3 4 6 7 8 9 10 12 13 14 15 16 17 18 19 20 21 
Preorder: 3 0 4 6 7 8 9 12 10 13 14 15 16 17 18 19 20 21 
Postorder: 0 10 21 20 19 18 17 16 15 14 13 12 9 8 7 6 4 3 
Count: 18
Node: 0 has 0 children
Node: 3 has 2 children
Node: 4 has 1 children
Node: 6 has 1 children
Node: 7 has 1 children
Node: 8 has 1 children
Node: 9 has 1 children
Node: 10 has 0 children
Node: 12 has 2 children
Node: 13 has 1 children
Node: 14 has 1 children
Node: 15 has 1 children
Node: 16 has 1 children
Node: 17 has 1 children
Node: 18 has 1 children
Node: 19 has 1 children
Node: 20 has 1 children
Node: 21 has 0 children


PRE-ADJUSTMENTS
Inorder: 1 3 5 
Preorder: 3 1 5 
Postorder: 1 5 3 
Count: 3
Node: 1 has 0 children
Node: 3 has 2 children
Node: 5 has 0 children

POST-ADJUSTMENTS
Inorder: 5 
Preorder: 5 
Postorder: 5 
Count: 1
Node: 5 has 0 children


PRE-ADJUSTMENTS
Inorder: 
Preorder: 
Postorder: 
Count: 0
15 was not found
15 was not found

POST-ADJUSTMENTS
Inorder: 
Preorder: 
Postorder: 
Count: 0


PRE-ADJUSTMENTS
Inorder: 2 
Preorder: 2 
Postorder: 2 
Count: 1
Node: 2 has 0 children

POST-ADJUSTMENTS
Inorder: 
Preorder: 
Postorder: 
Count: 0


PRE-ADJUSTMENTS
Inorder: 8 11 12 15 25 32 37 45 50 60 67 75 90 95 97 
Preorder: 11 8 25 12 15 75 37 32 60 45 50 67 90 97 95 
Postorder: 8 15 12 32 50 45 67 60 37 95 97 90 75 25 11 
Count: 15
Node: 8 has 0 children
Node: 11 has 2 children
Node: 12 has 1 children
Node: 15 has 0 children
Node: 25 has 2 children
Node: 32 has 0 children
Node: 37 has 2 children
Node: 45 has 1 children
Node: 50 has 0 children
Node: 60 has 2 children
Node: 67 has 0 children
Node: 75 has 2 children
Node: 90 has 1 children
Node: 95 has 0 children
Node: 97 has 1 children

POST-ADJUSTMENTS
Inorder: 8 11 12 25 32 40 60 45 50 67 75 90 95 97 99 
Preorder: 11 8 25 12 75 60 32 40 67 45 50 90 97 95 99 
Postorder: 8 12 40 32 50 45 67 60 95 99 97 90 75 25 11 
Count: 15
Node: 8 has 0 children
Node: 11 has 2 children
Node: 12 has 0 children
Node: 25 has 2 children
Node: 32 has 1 children
Node: 40 has 0 children
Node: 60 has 2 children
Node: 45 has 1 children
Node: 50 has 0 children
Node: 67 has 1 children
Node: 75 has 2 children
Node: 90 has 1 children
Node: 95 has 0 children
Node: 97 has 2 children
Node: 99 has 0 children


PRE-ADJUSTMENTS
Inorder: 10 20 30 40 50 60 70 80 90 
Preorder: 50 40 30 20 10 60 70 80 90 
Postorder: 10 20 30 40 90 80 70 60 50 
Count: 9
Node: 10 has 0 children
Node: 20 has 1 children
Node: 30 has 1 children
Node: 40 has 1 children
Node: 50 has 2 children
Node: 60 has 1 children
Node: 70 has 1 children
Node: 80 has 1 children
Node: 90 has 0 children

POST-ADJUSTMENTS
Inorder: 10 20 30 40 50 60 70 80 90 
Preorder: 50 40 30 20 10 60 70 80 90 
Postorder: 10 20 30 40 90 80 70 60 50 
Count: 9
Node: 10 has 0 children
Node: 20 has 1 children
Node: 30 has 1 children
Node: 40 has 1 children
Node: 50 has 2 children
Node: 60 has 1 children
Node: 70 has 1 children
Node: 80 has 1 children
Node: 90 has 0 children


PRE-ADJUSTMENTS
Inorder: 10 20 30 40 50 
Preorder: 30 20 10 40 50 
Postorder: 10 20 50 40 30 
Count: 5
Node: 10 has 0 children
Node: 20 has 1 children
Node: 30 has 2 children
Node: 40 has 1 children
Node: 50 has 0 children

POST-ADJUSTMENTS
Inorder: 10 20 30 40 50 
Preorder: 30 20 10 40 50 
Postorder: 10 20 50 40 30 
Count: 5
Node: 10 has 0 children
Node: 20 has 1 children
Node: 30 has 2 children
Node: 40 has 1 children
Node: 50 has 0 children


