s New York                 23 14 1 
New York                   23 14 1 

s Miami                    25 25 25 
Miami                      25 25 25 

s Los Angeles              40 13 17 
Los Angeles                40 13 17 

s Houston                  100 30 10 
Houston                    100 30 10 

s Chicago                  42 23 19 
Chicago                    42 23 19 

s New York                 0 0 15 
New York                   23 14 16 

s Miami                    13 17 21 
Miami                      38 42 46 

o Los Angeles              15 10 15 
Los Angeles                25 3 2 
Price of Order: $227.50

o New York                 12 24 8 
24 of item 2 shipped from Miami to New York
Miami                      38 18 46 
New York                   11 14 8 
Price of Order: $504.30

o Houston                  75 45 10 
Order Unfilled

o Chicago                  20 15 15 
Chicago                    22 8 4 
Price of Order: $776.80

o New York                 15 0 0 
15 of item 1 shipped from Houston to New York
Houston                    85 30 10 
New York                   11 14 8 
Price of Order: $809.80

s Los Angeles              10 20 10 
Los Angeles                35 23 12 

s Houston                  0 30 40 
Houston                    85 60 50 

o New York                 15 15 25 
15 of item 1 shipped from Houston to New York
Houston                    70 60 50 
15 of item 2 shipped from Houston to New York
Houston                    70 45 50 
25 of item 3 shipped from Houston to New York
Houston                    70 45 25 
New York                   11 14 8 
Price of Order: $1192.05

o Chicago                  75 30 40 
Order Unfilled

s New York                 20 15 20 
New York                   31 29 28 

o Houston                  10 20 10 
Houston                    60 25 15 
Price of Order: $1437.05

