Received 150 at $1.00 each

Received 130 at $2.00 each

145 widgets sold
145 at $1.30 each	 Sales: $188.50
		Total Sales: $188.50

Received 50 at $2.50 each

75 widgets sold
5 at $1.30 each	 Sales: $6.50
70 at $2.60 each	 Sales: $182.00
		Total Sales: $188.50

110 widgets sold
60 at $2.60 each	 Sales: $156.00
50 at $3.25 each	 Sales: $162.50
		Total Sales: $318.50
remainder of 70 widgets not available

Received 50 at $4.00 each

Received 30 at $5.00 each

Received 40 at $5.50 each

Discount of 30% applied to the next two orders

50 widgets sold
50 at $3.64 each	 Sales: $182.00
		Total Sales: $182.00

30 widgets sold
30 at $4.55 each	 Sales: $136.50
		Total Sales: $136.50

Received 50 at $6.00 each

Received 265 at $10.00 each

60 widgets sold
40 at $7.15 each	 Sales: $286.00
20 at $7.80 each	 Sales: $156.00
		Total Sales: $442.00

Discount of 50% applied to the next two orders

100 widgets sold
30 at $3.90 each	 Sales: $117.00
70 at $6.50 each	 Sales: $455.00
		Total Sales: $572.00

70 widgets sold
70 at $6.50 each	 Sales: $455.00
		Total Sales: $455.00

125 widgets sold
125 at $13.00 each	 Sales: $1625.00
		Total Sales: $1625.00
remainder of 50 widgets not available

Received 40 at $14.00 each

Received 75 at $15.00 each

110 widgets sold
40 at $18.20 each	 Sales: $728.00
70 at $19.50 each	 Sales: $1365.00
		Total Sales: $2093.00

Received 30 at $16.00 each

Received 40 at $18.00 each


Stock remaining:
5 at $15.00 each
30 at $16.00 each
40 at $18.00 each
